<?xml version="1.0" encoding="UTF-8"?>
<testng-results skipped="0" failed="0" ignored="0" total="1" passed="1">
  <reporter-output>
  </reporter-output>
  <suite name="Default suite" duration-ms="21178" started-at="2020-04-19T11:50:04Z" finished-at="2020-04-19T11:50:26Z">
    <groups>
    </groups>
    <test name="Default test" duration-ms="21178" started-at="2020-04-19T11:50:04Z" finished-at="2020-04-19T11:50:26Z">
      <class name="pack.Sample">
        <test-method status="PASS" signature="test1()[pri:0, instance:pack.Sample@27efef64]" name="test1" duration-ms="21142" started-at="2020-04-19T11:50:04Z" finished-at="2020-04-19T11:50:26Z">
          <reporter-output>
          </reporter-output>
        </test-method> <!-- test1 -->
      </class> <!-- pack.Sample -->
    </test> <!-- Default test -->
  </suite> <!-- Default suite -->
</testng-results>
